2023-09-13 22:48:57:4857 [32minfo[39m: [32mServer running on port 3000[39m
2023-09-13 22:49:31:4931 [32minfo[39m: [32mConectado ao banco de dados![39m
2023-09-13 22:49:31:4931 [32minfo[39m: [32mServer running on port 3000[39m
2023-09-13 22:49:47:4947 [32minfo[39m: [32mConectado ao banco de dados![39m
2023-09-13 22:49:47:4947 [32minfo[39m: [32mServer running on port 3000[39m
2023-09-13 22:50:27:5027 [32minfo[39m: [32mConectado ao banco de dados![39m
2023-09-13 22:50:27:5027 [32minfo[39m: [32mServer running on port 3000[39m
2023-09-13 22:54:10:5410 [32minfo[39m: [32mConectado ao banco de dados![39m
2023-09-13 22:54:10:5410 [32minfo[39m: [32mServer running on port 3000[39m
2023-09-13 22:54:20:5420 [32minfo[39m: [32mConectado ao banco de dados![39m
2023-09-13 22:54:20:5420 [32minfo[39m: [32mServer running on port 3000[39m
2023-09-13 22:54:21:5421 [32minfo[39m: [32mConectado ao banco de dados![39m
2023-09-13 22:54:21:5421 [32minfo[39m: [32mServer running on port 3000[39m
2023-09-13 22:54:28:5428 [32minfo[39m: [32mConectado ao banco de dados![39m
2023-09-13 22:54:28:5428 [32minfo[39m: [32mServer running on port 3000[39m
2023-09-13 22:54:34:5434 [32minfo[39m: [32mConectado ao banco de dados![39m
2023-09-13 22:54:34:5434 [32minfo[39m: [32mServer running on port 3000[39m
2023-09-13 22:54:38:5438 [32minfo[39m: [32mConectado ao banco de dados![39m
2023-09-13 22:54:38:5438 [32minfo[39m: [32mServer running on port 3000[39m
2023-09-13 22:54:43:5443 [35mhttp[39m: [35mGET /api/ping 200 15 - 1.545 ms[39m
[35m[39m
2023-09-13 23:13:00:130 [32minfo[39m: [32mConectado ao banco de dados![39m
2023-09-13 23:13:00:130 [32minfo[39m: [32mServer running on port 3000[39m
2023-09-13 23:14:00:140 [32minfo[39m: [32mConectado ao banco de dados![39m
2023-09-13 23:14:00:140 [32minfo[39m: [32mServer running on port 3000[39m
2023-09-13 23:14:40:1440 [35mhttp[39m: [35mPOST /api/movie 200 25 - 2.072 ms[39m
[35m[39m
2023-09-13 23:16:37:1637 [32minfo[39m: [32mConectado ao banco de dados![39m
2023-09-13 23:16:37:1637 [32minfo[39m: [32mServer running on port 3000[39m
2023-09-13 23:16:57:1657 [32minfo[39m: [32mConectado ao banco de dados![39m
2023-09-13 23:16:57:1657 [32minfo[39m: [32mServer running on port 3000[39m
2023-09-13 23:17:34:1734 [35mhttp[39m: [35mPOST /api/movie 201 146 - 31.593 ms[39m
[35m[39m
2023-09-13 23:21:45:2145 [32minfo[39m: [32mConectado ao banco de dados![39m
2023-09-13 23:21:45:2145 [32minfo[39m: [32mServer running on port 3000[39m
2023-09-13 23:29:50:2950 [32minfo[39m: [32mConectado ao banco de dados![39m
2023-09-13 23:29:50:2950 [32minfo[39m: [32mServer running on port 3000[39m
2023-09-13 23:30:10:3010 [32minfo[39m: [32mConectado ao banco de dados![39m
2023-09-13 23:30:10:3010 [32minfo[39m: [32mServer running on port 3000[39m
2023-09-13 23:30:44:3044 [32minfo[39m: [32mConectado ao banco de dados![39m
2023-09-13 23:30:44:3044 [32minfo[39m: [32mServer running on port 3000[39m
2023-09-13 23:31:02:312 [32minfo[39m: [32mConectado ao banco de dados![39m
2023-09-13 23:31:02:312 [32minfo[39m: [32mServer running on port 3000[39m
2023-09-13 23:31:32:3132 [32minfo[39m: [32mConectado ao banco de dados![39m
2023-09-13 23:31:32:3132 [32minfo[39m: [32mServer running on port 3000[39m
2023-09-13 23:32:14:3214 [35mhttp[39m: [35mPOST /api/movie 422 70 - 4.004 ms[39m
[35m[39m
2023-09-13 23:32:23:3223 [32minfo[39m: [32mConectado ao banco de dados![39m
2023-09-13 23:32:23:3223 [32minfo[39m: [32mServer running on port 3000[39m
2023-09-13 23:32:58:3258 [32minfo[39m: [32mConectado ao banco de dados![39m
2023-09-13 23:32:58:3258 [32minfo[39m: [32mServer running on port 3000[39m
2023-09-13 23:33:46:3346 [32minfo[39m: [32mConectado ao banco de dados![39m
2023-09-13 23:33:46:3346 [32minfo[39m: [32mServer running on port 3000[39m
2023-09-13 23:34:11:3411 [32minfo[39m: [32mConectado ao banco de dados![39m
2023-09-13 23:34:11:3411 [32minfo[39m: [32mServer running on port 3000[39m
2023-09-13 23:35:29:3529 [32minfo[39m: [32mConectado ao banco de dados![39m
2023-09-13 23:35:29:3529 [32minfo[39m: [32mServer running on port 3000[39m
2023-09-13 23:36:09:369 [35mhttp[39m: [35mPOST /api/movie 422 315 - 6.427 ms[39m
[35m[39m
2023-09-13 23:36:55:3655 [35mhttp[39m: [35mPOST /api/movie 422 315 - 1.824 ms[39m
[35m[39m
2023-09-13 23:37:04:374 [35mhttp[39m: [35mPOST /api/movie 422 271 - 2.116 ms[39m
[35m[39m
2023-09-13 23:37:33:3733 [35mhttp[39m: [35mPOST /api/movie 422 271 - 1.150 ms[39m
[35m[39m
2023-09-13 23:38:08:388 [32minfo[39m: [32mConectado ao banco de dados![39m
2023-09-13 23:38:08:388 [32minfo[39m: [32mServer running on port 3000[39m
2023-09-13 23:38:14:3814 [35mhttp[39m: [35mPOST /api/movie 422 177 - 6.683 ms[39m
[35m[39m
2023-09-13 23:39:24:3924 [35mhttp[39m: [35mPOST /api/movie 422 136 - 1.757 ms[39m
[35m[39m
2023-09-13 23:39:31:3931 [35mhttp[39m: [35mPOST /api/movie 422 91 - 1.813 ms[39m
[35m[39m
2023-09-13 23:39:52:3952 [35mhttp[39m: [35mPOST /api/movie 422 42 - 3.974 ms[39m
[35m[39m
2023-09-13 23:41:43:4143 [32minfo[39m: [32mConectado ao banco de dados![39m
2023-09-13 23:41:43:4143 [32minfo[39m: [32mServer running on port 3000[39m
2023-09-13 23:41:47:4147 [35mhttp[39m: [35mPOST /api/movie 422 42 - 4.530 ms[39m
[35m[39m
2023-09-13 23:41:52:4152 [32minfo[39m: [32mConectado ao banco de dados![39m
2023-09-13 23:41:52:4152 [32minfo[39m: [32mServer running on port 3000[39m
2023-09-13 23:41:52:4152 [35mhttp[39m: [35mPOST /api/movie 201 615 - 36.547 ms[39m
[35m[39m
2023-09-13 23:42:07:427 [32minfo[39m: [32mConectado ao banco de dados![39m
2023-09-13 23:42:07:427 [32minfo[39m: [32mServer running on port 3000[39m
2023-09-13 23:42:08:428 [35mhttp[39m: [35mPOST /api/movie 201 151 - 31.061 ms[39m
[35m[39m
2023-09-13 23:42:14:4214 [32minfo[39m: [32mConectado ao banco de dados![39m
2023-09-13 23:42:14:4214 [32minfo[39m: [32mServer running on port 3000[39m
2023-09-13 23:42:15:4215 [35mhttp[39m: [35mPOST /api/movie 422 86 - 4.032 ms[39m
[35m[39m
2023-09-13 23:42:57:4257 [35mhttp[39m: [35mPOST /api/movie 422 42 - 2.367 ms[39m
[35m[39m
2023-09-13 23:42:59:4259 [35mhttp[39m: [35mPOST /api/movie 422 42 - 2.192 ms[39m
[35m[39m
2023-09-13 23:43:15:4315 [32minfo[39m: [32mConectado ao banco de dados![39m
2023-09-13 23:43:15:4315 [32minfo[39m: [32mServer running on port 3000[39m
2023-09-13 23:43:26:4326 [32minfo[39m: [32mConectado ao banco de dados![39m
2023-09-13 23:43:26:4326 [32minfo[39m: [32mServer running on port 3000[39m
2023-09-13 23:43:41:4341 [35mhttp[39m: [35mPOST /api/movie 201 615 - 37.107 ms[39m
[35m[39m
2023-09-13 23:43:49:4349 [35mhttp[39m: [35mPOST /api/movie 422 61 - 2.796 ms[39m
[35m[39m
2023-09-13 23:43:52:4352 [35mhttp[39m: [35mPOST /api/movie 201 615 - 25.093 ms[39m
[35m[39m
2023-09-13 23:45:02:452 [32minfo[39m: [32mConectado ao banco de dados![39m
2023-09-13 23:45:02:452 [32minfo[39m: [32mServer running on port 3000[39m
2023-09-13 23:45:57:4557 [32minfo[39m: [32mConectado ao banco de dados![39m
2023-09-13 23:45:57:4557 [32minfo[39m: [32mServer running on port 3000[39m
2023-09-13 23:46:04:464 [32minfo[39m: [32mConectado ao banco de dados![39m
2023-09-13 23:46:04:464 [32minfo[39m: [32mServer running on port 3000[39m
2023-09-13 23:46:08:468 [32minfo[39m: [32mConectado ao banco de dados![39m
2023-09-13 23:46:08:468 [32minfo[39m: [32mServer running on port 3000[39m
2023-09-13 23:46:17:4617 [32minfo[39m: [32mConectado ao banco de dados![39m
2023-09-13 23:46:17:4617 [32minfo[39m: [32mServer running on port 3000[39m
2023-09-13 23:46:47:4647 [31merror[39m: [31mErro ao buscar filmes: Cast to ObjectId failed for value "23523523" (type string) at path "_id" for model "Movie"[39m
2023-09-13 23:47:04:474 [32minfo[39m: [32mConectado ao banco de dados![39m
2023-09-13 23:47:04:474 [32minfo[39m: [32mServer running on port 3000[39m
2023-09-13 23:47:07:477 [32minfo[39m: [32mConectado ao banco de dados![39m
2023-09-13 23:47:07:477 [32minfo[39m: [32mServer running on port 3000[39m
2023-09-13 23:47:09:479 [32minfo[39m: [32mConectado ao banco de dados![39m
2023-09-13 23:47:09:479 [32minfo[39m: [32mServer running on port 3000[39m
2023-09-13 23:47:11:4711 [31merror[39m: [31mErro ao buscar filmes: Cast to ObjectId failed for value "23523523" (type string) at path "_id" for model "Movie"[39m
2023-09-13 23:47:54:4754 [32minfo[39m: [32mConectado ao banco de dados![39m
2023-09-13 23:47:54:4754 [32minfo[39m: [32mServer running on port 3000[39m
2023-09-13 23:47:55:4755 [31merror[39m: [31mErro ao buscar filmes: Cast to ObjectId failed for value "23523523" (type string) at path "_id" for model "Movie"[39m
2023-09-13 23:48:10:4810 [32minfo[39m: [32mConectado ao banco de dados![39m
2023-09-13 23:48:10:4810 [32minfo[39m: [32mServer running on port 3000[39m
2023-09-13 23:48:12:4812 [31merror[39m: [31mErro ao buscar filmes: Cast to ObjectId failed for value "a1421" (type string) at path "_id" for model "Movie"[39m
2023-09-13 23:48:36:4836 [35mhttp[39m: [35mGET /api/movie/a1421 - - - - ms[39m
[35m[39m
2023-09-13 23:48:40:4840 [35mhttp[39m: [35mGET /api/movie/65027368abd35eb49b32b671 200 615 - 22.654 ms[39m
[35m[39m
2023-09-13 23:48:44:4844 [35mhttp[39m: [35mGET /api/movie/65027368abd35eb49b32b679 404 36 - 15.507 ms[39m
[35m[39m
2023-09-13 23:48:54:4854 [32minfo[39m: [32mConectado ao banco de dados![39m
2023-09-13 23:48:54:4854 [32minfo[39m: [32mServer running on port 3000[39m
2023-09-13 23:49:00:490 [32minfo[39m: [32mConectado ao banco de dados![39m
2023-09-13 23:49:00:490 [32minfo[39m: [32mServer running on port 3000[39m
2023-09-13 23:49:30:4930 [32minfo[39m: [32mConectado ao banco de dados![39m
2023-09-13 23:49:30:4930 [32minfo[39m: [32mServer running on port 3000[39m
2023-09-13 23:49:34:4934 [32minfo[39m: [32mConectado ao banco de dados![39m
2023-09-13 23:49:34:4934 [32minfo[39m: [32mServer running on port 3000[39m
2023-09-13 23:49:35:4935 [32minfo[39m: [32mConectado ao banco de dados![39m
2023-09-13 23:49:35:4935 [32minfo[39m: [32mServer running on port 3000[39m
2023-09-13 23:50:25:5025 [32minfo[39m: [32mConectado ao banco de dados![39m
2023-09-13 23:50:25:5025 [32minfo[39m: [32mServer running on port 3000[39m
2023-09-13 23:50:40:5040 [32minfo[39m: [32mConectado ao banco de dados![39m
2023-09-13 23:50:40:5040 [32minfo[39m: [32mServer running on port 3000[39m
2023-09-13 23:50:41:5041 [32minfo[39m: [32mConectado ao banco de dados![39m
2023-09-13 23:50:41:5041 [32minfo[39m: [32mServer running on port 3000[39m
2023-09-13 23:50:43:5043 [32minfo[39m: [32mConectado ao banco de dados![39m
2023-09-13 23:50:43:5043 [32minfo[39m: [32mServer running on port 3000[39m
2023-09-13 23:50:56:5056 [35mhttp[39m: [35mGET /api/movie 200 2148 - 27.559 ms[39m
[35m[39m
2023-09-13 23:51:59:5159 [32minfo[39m: [32mConectado ao banco de dados![39m
2023-09-13 23:51:59:5159 [32minfo[39m: [32mServer running on port 3000[39m
2023-09-13 23:52:35:5235 [32minfo[39m: [32mConectado ao banco de dados![39m
2023-09-13 23:52:35:5235 [32minfo[39m: [32mServer running on port 3000[39m
2023-09-13 23:53:07:537 [32minfo[39m: [32mConectado ao banco de dados![39m
2023-09-13 23:53:07:537 [32minfo[39m: [32mServer running on port 3000[39m
2023-09-13 23:53:24:5324 [32minfo[39m: [32mConectado ao banco de dados![39m
2023-09-13 23:53:24:5324 [32minfo[39m: [32mServer running on port 3000[39m
2023-09-13 23:53:39:5339 [35mhttp[39m: [35mDELETE /api/movie/65027368abd35eb49b32b671 404 176 - 2.289 ms[39m
[35m[39m
2023-09-13 23:54:14:5414 [35mhttp[39m: [35mDELETE /api/movie/65027368abd35eb49b32b671 404 176 - 1.868 ms[39m
[35m[39m
2023-09-13 23:54:32:5432 [35mhttp[39m: [35mDELETE /api/movie/65027368abd35eb49b32b679 404 176 - 0.421 ms[39m
[35m[39m
2023-09-13 23:54:47:5447 [32minfo[39m: [32mConectado ao banco de dados![39m
2023-09-13 23:54:47:5447 [32minfo[39m: [32mServer running on port 3000[39m
2023-09-13 23:54:56:5456 [35mhttp[39m: [35mGET /api/movie 200 2148 - 25.862 ms[39m
[35m[39m
2023-09-13 23:55:05:555 [35mhttp[39m: [35mDELETE /api/movie/65026d3eafb73039b5f0d143 200 146 - 18.383 ms[39m
[35m[39m
2023-09-13 23:56:03:563 [32minfo[39m: [32mConectado ao banco de dados![39m
2023-09-13 23:56:03:563 [32minfo[39m: [32mServer running on port 3000[39m
2023-09-13 23:56:08:568 [32minfo[39m: [32mConectado ao banco de dados![39m
2023-09-13 23:56:08:568 [32minfo[39m: [32mServer running on port 3000[39m
2023-09-13 23:56:25:5625 [32minfo[39m: [32mConectado ao banco de dados![39m
2023-09-13 23:56:25:5625 [32minfo[39m: [32mServer running on port 3000[39m
2023-09-13 23:56:32:5632 [31merror[39m: [31mErro ao remover filme: movie.delete is not a function[39m
2023-09-13 23:56:32:5632 [35mhttp[39m: [35mDELETE /api/movie/65026d3eafb73039b5f0d143 500 36 - 30.988 ms[39m
[35m[39m
2023-09-13 23:56:43:5643 [32minfo[39m: [32mConectado ao banco de dados![39m
2023-09-13 23:56:43:5643 [32minfo[39m: [32mServer running on port 3000[39m
2023-09-13 23:56:47:5647 [35mhttp[39m: [35mDELETE /api/movie/65026d3eafb73039b5f0d143 200 41 - 44.534 ms[39m
[35m[39m
2023-09-13 23:56:50:5650 [35mhttp[39m: [35mGET /api/movie/65027368abd35eb49b32b671 200 615 - 17.134 ms[39m
[35m[39m
2023-09-13 23:56:55:5655 [35mhttp[39m: [35mGET /api/movie 200 2001 - 18.725 ms[39m
[35m[39m
2023-09-13 23:57:02:572 [35mhttp[39m: [35mDELETE /api/movie/650272f08bb974bf4ca16dd0 200 41 - 34.853 ms[39m
[35m[39m
2023-09-13 23:57:10:5710 [35mhttp[39m: [35mDELETE /api/movie/65027300b753c6078f3fec43 200 41 - 34.626 ms[39m
[35m[39m
2023-09-13 23:57:12:5712 [35mhttp[39m: [35mGET /api/movie 200 1233 - 15.448 ms[39m
[35m[39m
2023-09-13 23:57:21:5721 [35mhttp[39m: [35mGET /api/movie 200 1233 - 15.608 ms[39m
[35m[39m
2023-09-13 23:57:23:5723 [35mhttp[39m: [35mDELETE /api/movie/65027368abd35eb49b32b671 200 41 - 37.101 ms[39m
[35m[39m
2023-09-13 23:57:25:5725 [35mhttp[39m: [35mDELETE /api/movie/6502735dabd35eb49b32b66f 200 41 - 38.625 ms[39m
[35m[39m
2023-09-13 23:57:27:5727 [35mhttp[39m: [35mGET /api/movie 200 2 - 16.012 ms[39m
[35m[39m
2023-09-13 23:57:47:5747 [35mhttp[39m: [35mPOST /api/movie 201 615 - 36.847 ms[39m
[35m[39m
2023-09-13 23:59:27:5927 [32minfo[39m: [32mConectado ao banco de dados![39m
2023-09-13 23:59:27:5927 [32minfo[39m: [32mServer running on port 3000[39m
2023-09-13 23:59:28:5928 [32minfo[39m: [32mConectado ao banco de dados![39m
2023-09-13 23:59:28:5928 [32minfo[39m: [32mServer running on port 3000[39m
2023-09-13 23:59:42:5942 [32minfo[39m: [32mConectado ao banco de dados![39m
2023-09-13 23:59:42:5942 [32minfo[39m: [32mServer running on port 3000[39m
2023-09-13 23:59:45:5945 [32minfo[39m: [32mConectado ao banco de dados![39m
2023-09-13 23:59:45:5945 [32minfo[39m: [32mServer running on port 3000[39m
2023-09-13 23:59:58:5958 [32minfo[39m: [32mConectado ao banco de dados![39m
2023-09-13 23:59:58:5958 [32minfo[39m: [32mServer running on port 3000[39m
2023-09-14 00:00:28:028 [35mhttp[39m: [35mPATCH /api/movie/650276ab394f0845e91f0b6d 200 615 - 28.397 ms[39m
[35m[39m
2023-09-14 00:00:37:037 [35mhttp[39m: [35mPATCH /api/movie/650276ab394f0845e91f0b6f 404 36 - 15.067 ms[39m
[35m[39m
2023-09-14 00:01:52:152 [32minfo[39m: [32mConectado ao banco de dados![39m
2023-09-14 00:01:52:152 [32minfo[39m: [32mServer running on port 3000[39m
2023-09-14 00:01:58:158 [35mhttp[39m: [35mPATCH /api/movie/650276ab394f0845e91f0b6d 200 92 - 50.218 ms[39m
[35m[39m
2023-09-14 00:02:22:222 [32minfo[39m: [32mConectado ao banco de dados![39m
2023-09-14 00:02:22:222 [32minfo[39m: [32mServer running on port 3000[39m
2023-09-14 00:02:23:223 [35mhttp[39m: [35mPATCH /api/movie/650276ab394f0845e91f0b6d 200 615 - 50.715 ms[39m
[35m[39m
2023-09-14 00:02:36:236 [32minfo[39m: [32mConectado ao banco de dados![39m
2023-09-14 00:02:36:236 [32minfo[39m: [32mServer running on port 3000[39m
2023-09-14 00:02:37:237 [35mhttp[39m: [35mPATCH /api/movie/650276ab394f0845e91f0b6d 200 487 - 50.497 ms[39m
[35m[39m
2023-09-14 00:03:25:325 [32minfo[39m: [32mConectado ao banco de dados![39m
2023-09-14 00:03:25:325 [32minfo[39m: [32mServer running on port 3000[39m
2023-09-14 00:03:26:326 [35mhttp[39m: [35mPATCH /api/movie/650276ab394f0845e91f0b6d 200 487 - 63.334 ms[39m
[35m[39m
2023-09-14 00:03:47:347 [32minfo[39m: [32mConectado ao banco de dados![39m
2023-09-14 00:03:47:347 [32minfo[39m: [32mServer running on port 3000[39m
2023-09-14 00:03:54:354 [35mhttp[39m: [35mPATCH /api/movie/650276ab394f0845e91f0b6d 422 111 - 9.967 ms[39m
[35m[39m
2023-09-14 00:03:58:358 [35mhttp[39m: [35mPATCH /api/movie/650276ab394f0845e91f0b6d 200 487 - 65.492 ms[39m
[35m[39m
